[19:33:57] [main/INFO]: Loading Minecraft 1.20.1 with Fabric Loader 0.16.10
[19:33:58] [ForkJoinPool-1-worker-2/WARN]: The mod "tcdcommons" contains invalid entries in its mod json:
- Unsupported root entry "" at line 27 column 4
- Unsupported root entry "" at line 27 column 198
- Unsupported root entry "" at line 29 column 4
- Unsupported root entry "" at line 29 column 24
[19:33:59] [ForkJoinPool-1-worker-2/WARN]: Mod naturalist uses the version 5.0pre3 which isn't compatible with Loader's extended semantic version format (Could not parse version number component '0pre3'!), SemVer is recommended for reliably evaluating dependencies and prioritizing newer version
[19:34:01] [ForkJoinPool-1-worker-1/WARN]: Mod mr_dungeons_andtaverns uses the version 3.0.3.f which isn't compatible with Loader's extended semantic version format (Could not parse version number component 'f'!), SemVer is recommended for reliably evaluating dependencies and prioritizing newer version
[19:34:02] [main/INFO]: Loading 170 mods:
	- advancednetherite 2.1.3-1.20.1
	- animal_feeding_trough 1.1.0+1.20.1
	- another_furniture 1.20.1-3.0.1
	- architectury 9.2.14
	- artifacts 9.5.15
	   |-- expandability 9.0.4
	   \-- step-height-entity-attribute 1.2.0
	- azurelib 3.0.6
	   \-- mixinextras 0.4.1
	- barteringstation 8.0.0
	- cardinal-components 5.2.3
	   |-- cardinal-components-base 5.2.3
	   |-- cardinal-components-block 5.2.3
	   |-- cardinal-components-chunk 5.2.3
	   |-- cardinal-components-entity 5.2.3
	   |-- cardinal-components-item 5.2.3
	   |-- cardinal-components-level 5.2.3
	   |-- cardinal-components-scoreboard 5.2.3
	   \-- cardinal-components-world 5.2.3
	- carryon 2.1.2.7
	- charmofundying 6.5.0+1.20.1
	   \-- spectrelib 0.13.15+1.20.1
	- collective 8.3
	- coroutil 1.20.1-1.3.7
	- crawl 0.12.0
	   \-- mm 2.3
	- create 0.5.1-j-build.1631+mc1.20.1
	   |-- com_google_code_findbugs_jsr305 3.0.2
	   |-- flywheel 0.6.11-4
	   |-- milk 1.2.60
	   |    \-- dripstone_fluid_lib 3.0.2
	   |-- porting_lib_accessors 2.3.8+1.20.1
	   |    \-- porting_lib_core 2.3.8+1.20.1
	   |-- porting_lib_base 2.3.8+1.20.1
	   |    |-- com_electronwill_night-config_core 3.6.6
	   |    |-- com_electronwill_night-config_toml 3.6.6
	   |    |-- porting_lib_attributes 2.3.8+1.20.1
	   |    |-- porting_lib_common 2.3.8+1.20.1
	   |    |-- porting_lib_core 2.3.8+1.20.1
	   |    |-- porting_lib_fluids 2.3.8+1.20.1
	   |    |-- porting_lib_gui_utils 2.3.8+1.20.1
	   |    |-- porting_lib_mixin_extensions 2.3.8+1.20.1
	   |    |-- porting_lib_utility 2.3.8+1.20.1
	   |    \-- reach-entity-attributes 2.4.0
	   |-- porting_lib_brewing 2.3.8+1.20.1
	   |    \-- porting_lib_core 2.3.8+1.20.1
	   |-- porting_lib_client_events 2.3.8+1.20.1
	   |    \-- porting_lib_core 2.3.8+1.20.1
	   |-- porting_lib_entity 2.3.8+1.20.1
	   |    |-- porting_lib_core 2.3.8+1.20.1
	   |    \-- porting_lib_mixin_extensions 2.3.8+1.20.1
	   |-- porting_lib_extensions 2.3.8+1.20.1
	   |    |-- porting_lib_attributes 2.3.8+1.20.1
	   |    |-- porting_lib_common 2.3.8+1.20.1
	   |    |-- porting_lib_core 2.3.8+1.20.1
	   |    \-- reach-entity-attributes 2.4.0
	   |-- porting_lib_models 2.3.8+1.20.1
	   |    |-- porting_lib_core 2.3.8+1.20.1
	   |    |-- porting_lib_fluids 2.3.8+1.20.1
	   |    \-- porting_lib_model_loader 2.3.8+1.20.1
	   |-- porting_lib_networking 2.3.8+1.20.1
	   |    \-- porting_lib_core 2.3.8+1.20.1
	   |-- porting_lib_obj_loader 2.3.8+1.20.1
	   |    |-- porting_lib_core 2.3.8+1.20.1
	   |    \-- porting_lib_model_loader 2.3.8+1.20.1
	   |-- porting_lib_tags 3.0
	   |    \-- porting_lib_core 2.3.8+1.20.1
	   |-- porting_lib_tool_actions 2.3.8+1.20.1
	   |    \-- porting_lib_core 2.3.8+1.20.1
	   |-- porting_lib_transfer 2.3.8+1.20.1
	   |    |-- porting_lib_core 2.3.8+1.20.1
	   |    \-- porting_lib_fluids 2.3.8+1.20.1
	   |-- reach-entity-attributes 2.4.0
	   \-- registrate-fabric 1.3.79-MC1.20.1
	        |-- com_google_code_findbugs_jsr305 3.0.2
	        |-- porting_lib_data 2.1.1090+1.20
	        |    \-- porting_lib_gametest 2.1.1090+1.20
	        \-- porting_lib_model_generators 2.1.1090+1.20
	             |-- porting_lib_gametest 2.1.1090+1.20
	             \-- porting_lib_model_materials 2.1.1090+1.20
	- creativecore 2.12.33
	   \-- net_minecraftforge_eventbus 6.0.3
	- ctov 3.4.14
	- deeperdarker 1.3.3
	   \-- customportalapi 0.0.1-beta64-1.20
	- doubledoors 7.0
	- easyanvils 8.0.2
	- easymagic 8.0.1
	- emotecraft 2.2.7-b.build.50
	   |-- bendy-lib 4.0.0
	   \-- player-animator 1.0.2-rc1+1.20
	- expandeddelight 0.3.2
	   |-- mm 2.3
	   \-- omega-config 1.4.0+1.20.1
	- explorify 1.6.2
	- exposure 1.7.15
	- fabric-api 0.92.6+1.20.1
	   |-- fabric-api-base 0.4.32+1802ada577
	   |-- fabric-api-lookup-api-v1 1.6.37+1802ada577
	   |-- fabric-biome-api-v1 13.0.14+1802ada577
	   |-- fabric-block-api-v1 1.0.12+1802ada577
	   |-- fabric-block-view-api-v2 1.0.3+924f046a77
	   |-- fabric-blockrenderlayer-v1 1.1.42+1802ada577
	   |-- fabric-client-tags-api-v1 1.1.3+1802ada577
	   |-- fabric-command-api-v1 1.2.35+f71b366f77
	   |-- fabric-command-api-v2 2.2.14+1802ada577
	   |-- fabric-commands-v0 0.2.52+df3654b377
	   |-- fabric-containers-v0 0.1.67+df3654b377
	   |-- fabric-content-registries-v0 4.0.13+1802ada577
	   |-- fabric-convention-tags-v1 1.5.6+1802ada577
	   |-- fabric-crash-report-info-v1 0.2.20+1802ada577
	   |-- fabric-data-attachment-api-v1 1.0.2+de0fd6d177
	   |-- fabric-data-generation-api-v1 12.3.7+1802ada577
	   |-- fabric-dimensions-v1 2.1.55+1802ada577
	   |-- fabric-entity-events-v1 1.6.1+1c78457f77
	   |-- fabric-events-interaction-v0 0.6.5+13a40c6677
	   |-- fabric-events-lifecycle-v0 0.2.64+df3654b377
	   |-- fabric-game-rule-api-v1 1.0.41+1802ada577
	   |-- fabric-item-api-v1 2.1.29+1802ada577
	   |-- fabric-item-group-api-v1 4.0.14+1802ada577
	   |-- fabric-key-binding-api-v1 1.0.38+1802ada577
	   |-- fabric-keybindings-v0 0.2.36+df3654b377
	   |-- fabric-lifecycle-events-v1 2.2.23+1802ada577
	   |-- fabric-loot-api-v2 1.2.3+1802ada577
	   |-- fabric-loot-tables-v1 1.1.47+9e7660c677
	   |-- fabric-message-api-v1 5.1.10+1802ada577
	   |-- fabric-mining-level-api-v1 2.1.52+1802ada577
	   |-- fabric-model-loading-api-v1 1.0.4+1802ada577
	   |-- fabric-models-v0 0.4.3+9386d8a777
	   |-- fabric-networking-api-v1 1.3.14+a158aa0477
	   |-- fabric-networking-v0 0.3.54+df3654b377
	   |-- fabric-object-builder-api-v1 11.1.5+e35120df77
	   |-- fabric-particles-v1 1.1.3+1802ada577
	   |-- fabric-recipe-api-v1 1.0.24+1802ada577
	   |-- fabric-registry-sync-v0 2.3.6+1802ada577
	   |-- fabric-renderer-api-v1 3.2.2+1802ada577
	   |-- fabric-renderer-indigo 1.5.3+85287f9f77
	   |-- fabric-renderer-registries-v1 3.2.47+df3654b377
	   |-- fabric-rendering-data-attachment-v1 0.3.39+92a0d36777
	   |-- fabric-rendering-fluids-v1 3.0.29+1802ada577
	   |-- fabric-rendering-v0 1.1.50+df3654b377
	   |-- fabric-rendering-v1 3.0.9+1802ada577
	   |-- fabric-resource-conditions-api-v1 2.3.9+1802ada577
	   |-- fabric-resource-loader-v0 0.11.12+fb82e9d777
	   |-- fabric-screen-api-v1 2.0.9+1802ada577
	   |-- fabric-screen-handler-api-v1 1.3.33+1802ada577
	   |-- fabric-sound-api-v1 1.0.14+1802ada577
	   |-- fabric-transfer-api-v1 3.3.6+8dd72ea377
	   \-- fabric-transitive-access-wideners-v1 4.3.2+1802ada577
	- fabric-language-kotlin 1.13.3+kotlin.2.1.21
	   |-- org_jetbrains_kotlin_kotlin-reflect 2.1.21
	   |-- org_jetbrains_kotlin_kotlin-stdlib 2.1.21
	   |-- org_jetbrains_kotlin_kotlin-stdlib-jdk7 2.1.21
	   |-- org_jetbrains_kotlin_kotlin-stdlib-jdk8 2.1.21
	   |-- org_jetbrains_kotlinx_atomicfu-jvm 0.27.0
	   |-- org_jetbrains_kotlinx_kotlinx-coroutines-core-jvm 1.10.2
	   |-- org_jetbrains_kotlinx_kotlinx-coroutines-jdk8 1.10.2
	   |-- org_jetbrains_kotlinx_kotlinx-datetime-jvm 0.6.2
	   |-- org_jetbrains_kotlinx_kotlinx-io-bytestring-jvm 0.7.0
	   |-- org_jetbrains_kotlinx_kotlinx-io-core-jvm 0.7.0
	   |-- org_jetbrains_kotlinx_kotlinx-serialization-cbor-jvm 1.8.1
	   |-- org_jetbrains_kotlinx_kotlinx-serialization-core-jvm 1.8.1
	   \-- org_jetbrains_kotlinx_kotlinx-serialization-json-jvm 1.8.1
	- fabricloader 0.16.10
	   \-- mixinextras 0.4.1
	- farmersdelight 1.20.1-2.4.0+refabricated
	   |-- mm 2.3
	   |-- porting_lib_accessors 2.3.8+1.20.1
	   |    \-- porting_lib_core 2.3.8+1.20.1
	   |-- porting_lib_base 2.3.8+1.20.1
	   |    |-- com_electronwill_night-config_core 3.6.6
	   |    |-- com_electronwill_night-config_toml 3.6.6
	   |    |-- porting_lib_attributes 2.3.8+1.20.1
	   |    |-- porting_lib_common 2.3.8+1.20.1
	   |    |-- porting_lib_core 2.3.8+1.20.1
	   |    |-- porting_lib_fluids 2.3.8+1.20.1
	   |    |-- porting_lib_gui_utils 2.3.8+1.20.1
	   |    |-- porting_lib_mixin_extensions 2.3.8+1.20.1
	   |    |-- porting_lib_utility 2.3.8+1.20.1
	   |    \-- reach-entity-attributes 2.4.0
	   |-- porting_lib_config 2.3.8+1.20.1
	   |    |-- com_electronwill_night-config_core 3.6.6
	   |    |-- com_electronwill_night-config_toml 3.6.6
	   |    \-- porting_lib_core 2.3.8+1.20.1
	   |-- porting_lib_lazy_registration 2.3.8+1.20.1
	   |    \-- porting_lib_core 2.3.8+1.20.1
	   |-- porting_lib_loot 2.3.8+1.20.1
	   |    \-- porting_lib_core 2.3.8+1.20.1
	   |-- porting_lib_networking 2.3.8+1.20.1
	   |    \-- porting_lib_core 2.3.8+1.20.1
	   |-- porting_lib_recipe_book_categories 2.3.8+1.20.1
	   |    \-- porting_lib_core 2.3.8+1.20.1
	   |-- porting_lib_tags 3.0
	   |    \-- porting_lib_core 2.3.8+1.20.1
	   \-- porting_lib_tool_actions 2.3.8+1.20.1
	        \-- porting_lib_core 2.3.8+1.20.1
	- forgeconfigapiport 8.0.2
	- friendsandfoes 3.0.9
	   \-- reach-entity-attributes 2.4.0
	- geckolib 4.7.1.3
	   \-- com_eliotlash_mclib_mclib 20
	- iceberg 1.1.25
	- immersive_aircraft 1.2.2+1.20.1
	   \-- org_mariuszgromada_math_mathparser_org-mxparser 5.2.1
	- immersive_armors 1.7.0+1.20.1
	- immersive_guns 1.3
	- incendium 5.3.5
	- java 17
	- lithostitched 1.4.7
	- minecraft 1.20.1
	- monsters_in_the_closet 1.0.3+1.20
	- moremobvariants 1.3.1
	- mr_dungeons_andtaverns 3.0.3.f
	- mru 1.0.4+1.20.1+fabric
	- naturalist 5.0pre3
	   |-- cloth-config 8.2.88
	   |    \-- cloth-basic-math 0.6.1
	   \-- midnightlib 1.4.1
	- nyfsspiders 2.1.1
	- owo 0.11.2+1.20
	   \-- blue_endless_jankson 1.2.2
	- puzzleslib 8.1.3
	   \-- puzzlesaccessapi 8.0.7
	- sliceanddice 3.3.1
	- smallships 2.0.0-b1.4
	- sushi_bar 0.2.2+1.20
	   \-- com_moulberry_mixinconstraints 1.0.1
	- tcdcommons 3.12.3.3+fabric-1.20.1
	- tectonic 3.0.1
	- tradingpost 8.0.2
	- travelersbackpack 9.1.36
	   \-- reach-entity-attributes 2.4.0
	- trinkets 3.7.2
	- twigs 3.1.0
	- visualworkbench 8.0.0
	- watut 1.20.1-1.2.3
[19:34:04] [main/INFO]: SpongePowered MIXIN Subsystem Version=0.8.7 Source=file:/workspaces/holasoielpapuniga/servidor_minecraft/libraries/net/fabricmc/sponge-mixin/0.15.4+mixin.0.8.7/sponge-mixin-0.15.4+mixin.0.8.7.jar Service=Knot/Fabric Env=SERVER
[19:34:05] [main/INFO]: Compatibility level set to JAVA_17
[19:34:05] [main/WARN]: Reference map 'coroutil.refmap.json' for coroutil_fabric.mixins.json could not be read. If this is a development environment you can ignore this message
[19:34:05] [main/WARN]: Reference map '[common]ctov-common-refmap.json' for ctov-common.mixins.json could not be read. If this is a development environment you can ignore this message
[19:34:06] [main/WARN]: Error loading class: net/minecraft/class_881 (java.lang.ClassNotFoundException: net/minecraft/class_881)
[19:34:06] [main/WARN]: @Mixin target net.minecraft.class_881 was not found porting_lib_base.mixins.json:client.BoatRendererMixin from mod porting_lib_base
[19:34:06] [main/WARN]: Error loading class: net/minecraft/class_525 (java.lang.ClassNotFoundException: net/minecraft/class_525)
[19:34:06] [main/WARN]: @Mixin target net.minecraft.class_525 was not found porting_lib_base.mixins.json:client.CreateWorldScreenMixin from mod porting_lib_base
[19:34:06] [main/WARN]: Error loading class: net/minecraft/class_906 (java.lang.ClassNotFoundException: net/minecraft/class_906)
[19:34:06] [main/WARN]: @Mixin target net.minecraft.class_906 was not found porting_lib_tool_actions.mixins.json:FishingHookRendererMixin from mod porting_lib_tool_actions
[19:34:07] [main/WARN]: Error loading class: net/minecraft/class_310 (java.lang.ClassNotFoundException: net/minecraft/class_310)
[19:34:07] [main/WARN]: @Mixin target net.minecraft.class_310 was not found monsters_in_the_closet.mixins.json:MinecraftClientMixin from mod monsters_in_the_closet
[19:34:08] [main/WARN]: Error loading class: fr/catcore/server/translations/api/resource/language/SystemDelegatedLanguage (java.lang.ClassNotFoundException: fr/catcore/server/translations/api/resource/language/SystemDelegatedLanguage)
[19:34:08] [main/WARN]: Error loading class: dev/latvian/mods/kubejs/recipe/RecipesEventJS (java.lang.ClassNotFoundException: dev/latvian/mods/kubejs/recipe/RecipesEventJS)
[19:34:08] [main/WARN]: @Mixin target dev.latvian.mods.kubejs.recipe.RecipesEventJS was not found sliceanddice.mixins.json:RecipeEventJSMixin from mod sliceanddice
[19:34:09] [main/INFO]: Initializing MixinExtras via com.llamalad7.mixinextras.service.MixinExtrasServiceImpl(version=0.4.1).
[19:34:31] [main/INFO]: Initializing platform helper for Advanced Netherite!
[19:34:31] [main/INFO]: [Animal Feeding Trough] Load Complete! Enjoy :D
[19:34:35] [main/INFO]: Registering C2S receiver with id artifacts:networking_channel/42a7ad70b1cc371599a0eff744096b8a
[19:34:35] [main/INFO]: Registering C2S receiver with id artifacts:networking_channel/74a5e841822a3a87854ae896a33430d6
[19:34:35] [main/INFO]: Registering C2S receiver with id artifacts:networking_channel/eb3d1e2748533430848cadf0f37c7e9c
[19:34:35] [main/INFO]: Registering C2S receiver with id artifacts:networking_channel/91c8520f19f93b3e8b6a727568e194ab
[19:34:35] [main/INFO]: Registering C2S receiver with id artifacts:networking_channel/8c2784d778293fd482ed84b8aa5fedb9
[19:34:35] [main/INFO]: Registering C2S receiver with id artifacts:networking_channel/ea038224ea783d40b2863f52239e2604
[19:34:35] [main/INFO]: Registering C2S receiver with id artifacts:networking_channel/97ad64b7ecaf33209991c4f031501a58
[19:34:35] [main/ERROR]: No data fixer registered for artifacts:mimic
[19:34:36] [main/INFO]: Registered azurelib config for auto-sync function
[19:34:36] [main/INFO]: Constructing common components for barteringstation:main
[19:34:36] [main/INFO]: Loading Collective version 8.3.
[19:34:36] [main/INFO]: fabric loader environment detected
[19:34:40] [main/ERROR]: No data fixer registered for crystallized_amber
[19:34:40] [main/ERROR]: No data fixer registered for sculk_jaw
[19:34:40] [main/INFO]: Constructing common components for easyanvils:main
[19:34:41] [main/INFO]: Constructing common components for easymagic:main
[19:34:41] [main/INFO]: ExpandAbility here, who dis?
[19:34:42] [main/ERROR]: No data fixer registered for rotten_tomato
[19:34:42] [main/ERROR]: No data fixer registered for immersive_aircraft:gyrodyne
[19:34:42] [main/ERROR]: No data fixer registered for immersive_aircraft:biplane
[19:34:42] [main/ERROR]: No data fixer registered for immersive_aircraft:airship
[19:34:42] [main/ERROR]: No data fixer registered for immersive_aircraft:cargo_airship
[19:34:42] [main/ERROR]: No data fixer registered for immersive_aircraft:warship
[19:34:42] [main/ERROR]: No data fixer registered for immersive_aircraft:quadrocopter
[19:34:42] [main/ERROR]: No data fixer registered for immersive_aircraft:bullet
[19:34:42] [main/ERROR]: No data fixer registered for immersive_aircraft:tiny_tnt
[19:34:42] [main/INFO]: Registering ModItems for immersive_guns
[19:34:42] [main/INFO]: Registering ModSounds for immersive_guns
[19:34:42] [main/INFO]: Registering GunAttributes for immersive_guns
[19:34:43] [main/INFO]: Definitely not up to no good
[19:34:43] [main/INFO]: Giving mobs a fresh coat of paint...
[19:34:43] [main/INFO]: Maybe we take a page out of the Wisp Forest handbook: When in doubt, steal glisco's code
[19:34:43] [main/INFO]: Constructing common components for puzzleslib:main
[19:34:43] [main/INFO]: Sushi of the day: Egg roll (not a sushi)
[19:34:43] [main/INFO]: Constructing common components for tradingpost:main
[19:34:43] [main/ERROR]: No data fixer registered for 
[19:34:43] [main/INFO]: Registered the FluidEffect with Unique ID of minecraft:water for Water (Fluid Amount Required: 81000) with the ID 0
[19:34:43] [main/INFO]: Registered the FluidEffect with Unique ID of minecraft:lava for Lava (Fluid Amount Required: 81000) with the ID 1
[19:34:43] [main/INFO]: Registered the FluidEffect with Unique ID of travelersbackpack:potion for block.travelersbackpack.potion_still (Fluid Amount Required: 27000) with the ID 2
[19:34:43] [main/INFO]: Registered the FluidEffect with Unique ID of minecraft:milk for Air (Fluid Amount Required: 81000) with the ID 3
[19:34:43] [main/ERROR]: No data fixer registered for twigs:pebble
[19:34:44] [main/INFO]: Constructing common components for visualworkbench:main
[19:34:44] [main/INFO]: Initializing 'TCD Commons API' 3.12.3.3+fabric-1.20.1 as 'TCDCommonsServer'.
[19:34:44] [main/INFO]: Environment: authHost='https://authserver.mojang.com', accountsHost='https://api.mojang.com', sessionHost='https://sessionserver.mojang.com', servicesHost='https://api.minecraftservices.com', name='PROD'
[19:34:47] [main/INFO]: [fabric-registry-sync] Loaded registry data [file 1/4]
[19:34:51] [main/ERROR]: Parsing error loading recipe immersive_guns:standard_rifle_cartridge
com.google.gson.JsonSyntaxException: Unknown item 'immersive_guns:standard_rifle_cartridge'
	at net.minecraft.class_1869.method_17878(class_1869.java:272) ~[server-intermediary.jar:?]
	at java.util.Optional.orElseThrow(Optional.java:403) ~[?:?]
	at net.minecraft.class_1869.method_8155(class_1869.java:272) ~[server-intermediary.jar:?]
	at net.minecraft.class_1869.method_35228(class_1869.java:259) ~[server-intermediary.jar:?]
	at net.minecraft.class_1869$class_1870.method_8164(class_1869.java:293) ~[server-intermediary.jar:?]
	at net.minecraft.class_1869$class_1870.method_8121(class_1869.java:279) ~[server-intermediary.jar:?]
	at net.minecraft.class_1863.method_17720(class_1863.java:135) ~[server-intermediary.jar:?]
	at net.minecraft.class_1863.method_20705(class_1863.java:56) ~[server-intermediary.jar:?]
	at net.minecraft.class_1863.method_18788(class_1863.java:35) ~[server-intermediary.jar:?]
	at net.minecraft.class_4080.method_18790(class_4080.java:13) ~[server-intermediary.jar:?]
	at java.util.concurrent.CompletableFuture$UniAccept.tryFire(CompletableFuture.java:718) ~[?:?]
	at java.util.concurrent.CompletableFuture$Completion.run(CompletableFuture.java:482) ~[?:?]
	at net.minecraft.class_4014.method_18365(class_4014.java:69) ~[server-intermediary.jar:?]
	at net.minecraft.class_156.method_43498(class_156.java:950) ~[server-intermediary.jar:?]
	at net.minecraft.class_156.method_43499(class_156.java:938) ~[server-intermediary.jar:?]
	at net.minecraft.server.Main.main(Main.java:160) ~[server-intermediary.jar:?]
	at net.fabricmc.loader.impl.game.minecraft.MinecraftGameProvider.launch(MinecraftGameProvider.java:480) ~[fabric-loader-0.16.10.jar:?]
	at net.fabricmc.loader.impl.launch.knot.Knot.launch(Knot.java:74) ~[fabric-loader-0.16.10.jar:?]
	at net.fabricmc.loader.impl.launch.knot.KnotServer.main(KnotServer.java:23) ~[fabric-loader-0.16.10.jar:?]
	at net.fabricmc.loader.impl.launch.server.FabricServerLauncher.main(FabricServerLauncher.java:69) ~[fabric-loader-0.16.10.jar:?]
	at net.fabricmc.installer.ServerLauncher.main(ServerLauncher.java:69) ~[fabric-server-launch.jar:1.0.1]
[19:34:51] [main/ERROR]: Parsing error loading recipe immersive_guns:heavy_rifle_cartridge
com.google.gson.JsonSyntaxException: Unknown item 'immersive_guns:heavy_rifle_cartridge'
	at net.minecraft.class_1869.method_17878(class_1869.java:272) ~[server-intermediary.jar:?]
	at java.util.Optional.orElseThrow(Optional.java:403) ~[?:?]
	at net.minecraft.class_1869.method_8155(class_1869.java:272) ~[server-intermediary.jar:?]
	at net.minecraft.class_1869.method_35228(class_1869.java:259) ~[server-intermediary.jar:?]
	at net.minecraft.class_1869$class_1870.method_8164(class_1869.java:293) ~[server-intermediary.jar:?]
	at net.minecraft.class_1869$class_1870.method_8121(class_1869.java:279) ~[server-intermediary.jar:?]
	at net.minecraft.class_1863.method_17720(class_1863.java:135) ~[server-intermediary.jar:?]
	at net.minecraft.class_1863.method_20705(class_1863.java:56) ~[server-intermediary.jar:?]
	at net.minecraft.class_1863.method_18788(class_1863.java:35) ~[server-intermediary.jar:?]
	at net.minecraft.class_4080.method_18790(class_4080.java:13) ~[server-intermediary.jar:?]
	at java.util.concurrent.CompletableFuture$UniAccept.tryFire(CompletableFuture.java:718) ~[?:?]
	at java.util.concurrent.CompletableFuture$Completion.run(CompletableFuture.java:482) ~[?:?]
	at net.minecraft.class_4014.method_18365(class_4014.java:69) ~[server-intermediary.jar:?]
	at net.minecraft.class_156.method_43498(class_156.java:950) ~[server-intermediary.jar:?]
	at net.minecraft.class_156.method_43499(class_156.java:938) ~[server-intermediary.jar:?]
	at net.minecraft.server.Main.main(Main.java:160) ~[server-intermediary.jar:?]
	at net.fabricmc.loader.impl.game.minecraft.MinecraftGameProvider.launch(MinecraftGameProvider.java:480) ~[fabric-loader-0.16.10.jar:?]
	at net.fabricmc.loader.impl.launch.knot.Knot.launch(Knot.java:74) ~[fabric-loader-0.16.10.jar:?]
	at net.fabricmc.loader.impl.launch.knot.KnotServer.main(KnotServer.java:23) ~[fabric-loader-0.16.10.jar:?]
	at net.fabricmc.loader.impl.launch.server.FabricServerLauncher.main(FabricServerLauncher.java:69) ~[fabric-loader-0.16.10.jar:?]
	at net.fabricmc.installer.ServerLauncher.main(ServerLauncher.java:69) ~[fabric-server-launch.jar:1.0.1]
[19:34:51] [main/INFO]: Loaded 26 recipes
[19:34:51] [main/INFO]: Injecting recipes
[19:34:52] [main/INFO]: Loaded 3899 advancements
[19:34:52] [main/INFO]: Loading exposure lenses:
[19:34:52] [main/INFO]: Lens [exposure:spyglass, FocalRange[min=55, max=200]] added.
[19:34:52] [main/INFO]: Reloading config...
[19:34:58] [main/INFO]: Applied 707 biome modifications to 70 of 76 new biomes in 38.60 ms
[19:34:58] [Server thread/INFO]: Loading server config for barteringstation
[19:34:58] [Thread-3/INFO]: Reloading server config for barteringstation
[19:34:58] [Server thread/INFO]: Loading server config for easyanvils
[19:34:58] [Thread-3/INFO]: Reloading server config for easyanvils
[19:34:58] [Server thread/INFO]: Loading server config for easymagic
[19:34:58] [Thread-3/INFO]: Reloading server config for easyanvils
[19:34:58] [Server thread/INFO]: Loading server config for tradingpost
[19:34:58] [Thread-3/INFO]: Reloading server config for tradingpost
[19:34:58] [Thread-3/INFO]: Reloading server config for tradingpost
[19:34:58] [Server thread/INFO]: Starting minecraft server version 1.20.1
[19:34:58] [Server thread/INFO]: Loading properties
[19:34:58] [Server thread/INFO]: Default game type: SURVIVAL
[19:34:58] [Server thread/INFO]: Generating keypair
[19:34:58] [Server thread/INFO]: Starting Minecraft server on *:25565
[19:34:58] [Server thread/INFO]: Using epoll channel type
[19:34:58] [Server thread/WARN]: **** SERVER IS RUNNING IN OFFLINE/INSECURE MODE!
[19:34:58] [Server thread/WARN]: The server will make no attempt to authenticate usernames. Beware.
[19:34:58] [Server thread/WARN]: While this makes the game possible to play without internet access, it also opens up the ability for hackers to connect with any username they choose.
[19:34:58] [Server thread/WARN]: To change this, set "online-mode" to "true" in the server.properties file.
[19:34:58] [Server thread/INFO]: Preparing level "world"
[19:35:16] [Server thread/INFO]: Preparing start region for dimension minecraft:overworld
[19:35:25] [Worker-Main-1/INFO]: Preparing spawn area: 0%
[19:35:25] [Worker-Main-1/INFO]: Preparing spawn area: 0%
[19:35:25] [Worker-Main-1/INFO]: Preparing spawn area: 0%
[19:35:25] [Worker-Main-1/INFO]: Preparing spawn area: 0%
[19:35:25] [Worker-Main-1/INFO]: Preparing spawn area: 0%
[19:35:25] [Worker-Main-1/INFO]: Preparing spawn area: 0%
[19:35:25] [Worker-Main-1/INFO]: Preparing spawn area: 0%
[19:35:25] [Worker-Main-1/INFO]: Preparing spawn area: 0%
[19:35:25] [Worker-Main-1/INFO]: Preparing spawn area: 0%
[19:35:25] [Worker-Main-1/INFO]: Preparing spawn area: 0%
[19:35:25] [Worker-Main-1/INFO]: Preparing spawn area: 0%
[19:35:25] [Worker-Main-1/INFO]: Preparing spawn area: 0%
[19:35:25] [Worker-Main-1/INFO]: Preparing spawn area: 0%
[19:35:25] [Worker-Main-1/INFO]: Preparing spawn area: 0%
[19:35:25] [Worker-Main-1/INFO]: Preparing spawn area: 0%
[19:35:25] [Worker-Main-1/INFO]: Preparing spawn area: 0%
[19:35:26] [Worker-Main-1/INFO]: Preparing spawn area: 0%
[19:35:26] [Worker-Main-1/INFO]: Preparing spawn area: 0%
[19:35:26] [Worker-Main-1/INFO]: Preparing spawn area: 0%
[19:35:26] [Worker-Main-1/INFO]: Preparing spawn area: 0%
[19:35:26] [Worker-Main-1/INFO]: Preparing spawn area: 0%
[19:35:26] [Worker-Main-1/INFO]: Preparing spawn area: 0%
[19:35:27] [Worker-Main-1/INFO]: Preparing spawn area: 0%
[19:35:27] [Worker-Main-1/INFO]: Preparing spawn area: 0%
[19:35:28] [Worker-Main-1/INFO]: Preparing spawn area: 0%
[19:35:28] [Worker-Main-1/INFO]: Preparing spawn area: 0%
[19:35:29] [Worker-Main-1/INFO]: Preparing spawn area: 0%
[19:35:29] [Worker-Main-1/INFO]: Preparing spawn area: 3%
[19:35:30] [Server thread/INFO]: Time elapsed: 14154 ms
[19:35:30] [Server thread/INFO]: Done (31.727s)! For help, type "help"
[19:35:42] [Server thread/INFO]: Matiasauto[/192.168.193.142:64261] logged in with entity id 155 at (8.083033879615975, 109.0, 1.7003977777322392)
[19:35:42] [Server thread/INFO]: Loading config from file...
[19:35:42] [Server thread/INFO]: Matiasauto joined the game
[19:36:03] [Server thread/WARN]: Tried to load a block entity for block Block{minecraft:smithing_table} but failed at location class_2338{x=327, y=-7, z=128}
[19:36:46] [Server thread/WARN]: Tried to load a block entity for block Block{minecraft:fletching_table} but failed at location class_2338{x=351, y=28, z=-272}
[19:37:25] [Server thread/WARN]: Tried to load a block entity for block Block{minecraft:smithing_table} but failed at location class_2338{x=-327, y=-36, z=-145}
[19:37:25] [Server thread/WARN]: Tried to load a block entity for block Block{minecraft:smithing_table} but failed at location class_2338{x=-327, y=29, z=-139}
[19:37:59] [Server thread/WARN]: Tried to load a block entity for block Block{minecraft:smithing_table} but failed at location class_2338{x=-291, y=-27, z=-341}
[19:38:22] [Server thread/WARN]: Tried to load a block entity for block Block{minecraft:smithing_table} but failed at location class_2338{x=362, y=-13, z=72}
[19:41:05] [Server thread/INFO]: Matiasauto has made the advancement [Acquire Hardware]
[19:41:35] [Server thread/INFO]: [Matiasauto: Set own game mode to Survival Mode]
[19:41:50] [Server thread/INFO]: [Matiasauto: Set own game mode to Creative Mode]
